<?xml version="1.0" encoding="UTF-8"?>
<testsuite xmlns:xsi="http://www.w3.org/2001/XMLSchema-instance" xsi:noNamespaceSchemaLocation="https://maven.apache.org/surefire/maven-surefire-plugin/xsd/surefire-test-report.xsd" name="assertjdemo.StringDemoTest" time="0.048" tests="1" errors="0" skipped="0" failures="1">
  <properties>
    <property name="sun.desktop" value="gnome"/>
    <property name="awt.toolkit" value="sun.awt.X11.XToolkit"/>
    <property name="java.specification.version" value="11"/>
    <property name="sun.cpu.isalist" value=""/>
    <property name="sun.jnu.encoding" value="UTF-8"/>
    <property name="java.class.path" value="/home/hom/sebi/prc2/trunk/11_web/topics/code/assertjdemo/target/test-classes:/home/hom/sebi/prc2/trunk/11_web/topics/code/assertjdemo/target/classes:/home/hom/.m2/repository/org/assertj/assertj-core/3.18.1/assertj-core-3.18.1.jar:/home/hom/.m2/repository/org/mockito/mockito-core/3.5.13/mockito-core-3.5.13.jar:/home/hom/.m2/repository/net/bytebuddy/byte-buddy/1.10.15/byte-buddy-1.10.15.jar:/home/hom/.m2/repository/net/bytebuddy/byte-buddy-agent/1.10.15/byte-buddy-agent-1.10.15.jar:/home/hom/.m2/repository/org/objenesis/objenesis/3.1/objenesis-3.1.jar:/home/hom/.m2/repository/org/mockito/mockito-junit-jupiter/3.5.13/mockito-junit-jupiter-3.5.13.jar:/home/hom/.m2/repository/org/junit/jupiter/junit-jupiter-api/5.7.0/junit-jupiter-api-5.7.0.jar:/home/hom/.m2/repository/org/apiguardian/apiguardian-api/1.1.0/apiguardian-api-1.1.0.jar:/home/hom/.m2/repository/org/opentest4j/opentest4j/1.2.0/opentest4j-1.2.0.jar:/home/hom/.m2/repository/org/junit/platform/junit-platform-commons/1.7.0/junit-platform-commons-1.7.0.jar:/home/hom/.m2/repository/org/junit/jupiter/junit-jupiter-params/5.7.0/junit-jupiter-params-5.7.0.jar:/home/hom/.m2/repository/org/junit/jupiter/junit-jupiter-engine/5.7.0/junit-jupiter-engine-5.7.0.jar:/home/hom/.m2/repository/org/junit/platform/junit-platform-engine/1.7.0/junit-platform-engine-1.7.0.jar:"/>
    <property name="java.vm.vendor" value="AdoptOpenJDK"/>
    <property name="sun.arch.data.model" value="64"/>
    <property name="java.vendor.url" value="https://adoptopenjdk.net/"/>
    <property name="user.timezone" value=""/>
    <property name="java.vm.specification.version" value="11"/>
    <property name="os.name" value="Linux"/>
    <property name="user.country" value="US"/>
    <property name="sun.java.launcher" value="SUN_STANDARD"/>
    <property name="sun.boot.library.path" value="/usr/lib/jvm/jdk-11.0.9+11/lib"/>
    <property name="sun.java.command" value="/home/hom/sebi/prc2/trunk/11_web/topics/code/assertjdemo/target/surefire/surefirebooter9845089542414642194.jar /home/hom/sebi/prc2/trunk/11_web/topics/code/assertjdemo/target/surefire 2021-01-11T13-02-12_022-jvmRun1 surefire2592437926367697798tmp surefire_03687598587992406405tmp"/>
    <property name="jdk.debug" value="release"/>
    <property name="test" value="assertjdemo.StringDemoTest"/>
    <property name="surefire.test.class.path" value="/home/hom/sebi/prc2/trunk/11_web/topics/code/assertjdemo/target/test-classes:/home/hom/sebi/prc2/trunk/11_web/topics/code/assertjdemo/target/classes:/home/hom/.m2/repository/org/assertj/assertj-core/3.18.1/assertj-core-3.18.1.jar:/home/hom/.m2/repository/org/mockito/mockito-core/3.5.13/mockito-core-3.5.13.jar:/home/hom/.m2/repository/net/bytebuddy/byte-buddy/1.10.15/byte-buddy-1.10.15.jar:/home/hom/.m2/repository/net/bytebuddy/byte-buddy-agent/1.10.15/byte-buddy-agent-1.10.15.jar:/home/hom/.m2/repository/org/objenesis/objenesis/3.1/objenesis-3.1.jar:/home/hom/.m2/repository/org/mockito/mockito-junit-jupiter/3.5.13/mockito-junit-jupiter-3.5.13.jar:/home/hom/.m2/repository/org/junit/jupiter/junit-jupiter-api/5.7.0/junit-jupiter-api-5.7.0.jar:/home/hom/.m2/repository/org/apiguardian/apiguardian-api/1.1.0/apiguardian-api-1.1.0.jar:/home/hom/.m2/repository/org/opentest4j/opentest4j/1.2.0/opentest4j-1.2.0.jar:/home/hom/.m2/repository/org/junit/platform/junit-platform-commons/1.7.0/junit-platform-commons-1.7.0.jar:/home/hom/.m2/repository/org/junit/jupiter/junit-jupiter-params/5.7.0/junit-jupiter-params-5.7.0.jar:/home/hom/.m2/repository/org/junit/jupiter/junit-jupiter-engine/5.7.0/junit-jupiter-engine-5.7.0.jar:/home/hom/.m2/repository/org/junit/platform/junit-platform-engine/1.7.0/junit-platform-engine-1.7.0.jar:"/>
    <property name="sun.cpu.endian" value="little"/>
    <property name="user.home" value="/home/hom"/>
    <property name="user.language" value="en"/>
    <property name="java.specification.vendor" value="Oracle Corporation"/>
    <property name="java.version.date" value="2020-10-20"/>
    <property name="java.home" value="/usr/lib/jvm/jdk-11.0.9+11"/>
    <property name="file.separator" value="/"/>
    <property name="basedir" value="/home/hom/sebi/prc2/trunk/11_web/topics/code/assertjdemo"/>
    <property name="java.vm.compressedOopsMode" value="Zero based"/>
    <property name="line.separator" value="&#10;"/>
    <property name="java.specification.name" value="Java Platform API Specification"/>
    <property name="java.vm.specification.vendor" value="Oracle Corporation"/>
    <property name="java.awt.graphicsenv" value="sun.awt.X11GraphicsEnvironment"/>
    <property name="surefire.real.class.path" value="/home/hom/sebi/prc2/trunk/11_web/topics/code/assertjdemo/target/surefire/surefirebooter9845089542414642194.jar"/>
    <property name="sun.management.compiler" value="HotSpot 64-Bit Tiered Compilers"/>
    <property name="java.runtime.version" value="11.0.9+11"/>
    <property name="user.name" value="hom"/>
    <property name="path.separator" value=":"/>
    <property name="os.version" value="5.8.0-36-generic"/>
    <property name="java.runtime.name" value="OpenJDK Runtime Environment"/>
    <property name="file.encoding" value="UTF-8"/>
    <property name="java.vm.name" value="OpenJDK 64-Bit Server VM"/>
    <property name="java.vendor.version" value="AdoptOpenJDK"/>
    <property name="maven.ext.class.path" value="/usr/local/netbeans-12.2/java/maven-nblib/netbeans-eventspy.jar:/usr/local/netbeans-12.2/java/maven-nblib/netbeans-eventspy.jar"/>
    <property name="localRepository" value="/home/hom/.m2/repository"/>
    <property name="java.vendor.url.bug" value="https://github.com/AdoptOpenJDK/openjdk-support/issues"/>
    <property name="java.io.tmpdir" value="/tmp"/>
    <property name="java.version" value="11.0.9"/>
    <property name="user.dir" value="/home/hom/sebi/prc2/trunk/11_web/topics/code/assertjdemo"/>
    <property name="os.arch" value="amd64"/>
    <property name="java.vm.specification.name" value="Java Virtual Machine Specification"/>
    <property name="java.awt.printerjob" value="sun.print.PSPrinterJob"/>
    <property name="sun.os.patch.level" value="unknown"/>
    <property name="java.library.path" value="/usr/java/packages/lib:/usr/lib64:/lib64:/lib:/usr/lib"/>
    <property name="java.vm.info" value="mixed mode"/>
    <property name="java.vendor" value="AdoptOpenJDK"/>
    <property name="java.vm.version" value="11.0.9+11"/>
    <property name="sun.io.unicode.encoding" value="UnicodeLittle"/>
    <property name="java.class.version" value="55.0"/>
  </properties>
  <testcase name="stringContains" classname="assertjdemo.StringDemoTest" time="0.044">
    <failure message="&#10;Expecting:&#10; &lt;&quot;Hello world&quot;&gt;&#10;to contain:&#10; &lt;[&quot;Hello&quot;, &quot;World&quot;]&gt;&#10;but could not find:&#10; &lt;[&quot;World&quot;]&gt;&#10; " type="java.lang.AssertionError"><![CDATA[java.lang.AssertionError: 

Expecting:
 <"Hello world">
to contain:
 <["Hello", "World"]>
but could not find:
 <["World"]>
 
	at assertjdemo.StringDemoTest.stringContains(StringDemoTest.java:22)
]]></failure>
  </testcase>
</testsuite>